SF:lib\features\doctor\data\models\doctor_model.dart
DA:17,1
DA:29,1
DA:31,1
DA:32,1
DA:33,1
DA:34,1
DA:35,1
DA:36,1
DA:37,1
DA:38,1
DA:39,1
DA:40,1
DA:41,1
DA:42,1
DA:43,1
DA:44,1
DA:47,0
DA:48,0
DA:49,0
DA:50,0
DA:51,0
DA:52,0
DA:53,0
DA:54,0
DA:55,0
DA:56,0
DA:57,0
DA:58,0
DA:59,0
DA:60,0
LF:30
LH:16
end_of_record
SF:lib\features\doctor\domain\entities\doctor.dart
DA:16,0
DA:18,0
DA:20,1
LF:3
LH:1
end_of_record
SF:lib\features\doctor\domain\usecases\get_doctor_list.dart
DA:10,1
DA:13,0
DA:14,0
LF:3
LH:1
end_of_record
SF:lib\core\util\constants.dart
DA:11,0
DA:12,0
DA:13,0
DA:17,0
DA:19,0
DA:20,0
DA:21,0
LF:7
LH:0
end_of_record
SF:lib\features\doctor\data\core\api_client.dart
DA:8,0
DA:10,0
DA:11,0
DA:13,0
DA:14,0
DA:16,0
LF:6
LH:0
end_of_record
SF:lib\features\doctor\data\datasources\binding\remote\doctor_remote_data_source_impl.dart
DA:12,0
DA:15,0
DA:16,0
DA:17,0
DA:18,0
DA:19,0
DA:20,0
DA:23,0
LF:8
LH:0
end_of_record
SF:lib\core\exceptions\app_error.dart
DA:6,0
DA:8,0
DA:9,0
DA:12,1
LF:4
LH:1
end_of_record
SF:lib\core\exceptions\failure.dart
DA:5,0
DA:6,0
DA:12,0
DA:14,0
DA:15,0
DA:21,0
DA:23,0
DA:24,0
DA:30,0
DA:32,0
DA:33,0
LF:11
LH:0
end_of_record
SF:lib\core\usecases\usecase.dart
DA:11,0
DA:13,0
DA:21,0
DA:23,0
LF:4
LH:0
end_of_record
